<?xml version="1.0" encoding="UTF-8" standalone="no"?>
<!DOCTYPE html PUBLIC "-//W3C//DTD XHTML 1.0 Transitional//EN" "http://www.w3.org/TR/xhtml1/DTD/xhtml1-transitional.dtd"><html xmlns="http://www.w3.org/1999/xhtml"><head><meta http-equiv="Content-Type" content="text/html; charset=UTF-8" /><title>70.2. 多変量統計の例</title><link rel="stylesheet" type="text/css" href="stylesheet.css" /><link rev="made" href="pgsql-docs@lists.postgresql.org" /><meta name="generator" content="DocBook XSL Stylesheets V1.79.1" /><link rel="prev" href="row-estimation-examples.html" title="70.1. 行数推定の例" /><link rel="next" href="planner-stats-security.html" title="70.3. プランナの統計情報とセキュリティ" /><meta name="viewport" content="width=device-width,initial-scale=1.0" /></head><body><div class="navheader"><table width="100%" summary="Navigation header"><tr><th colspan="4" align="center"><a accesskey="h" href="index.html">PostgreSQL 11.4文書</a></th></tr><tr><td width="10%" align="left"></td><td width="10%" align="left"></td><td width="60%" align="center"><a href="planner-stats-details.html" title="第70章 プランナは統計情報をどのように使用するか">第70章 プランナは統計情報をどのように使用するか</a></td><td width="20%" align="right"><div class="actions"><a class="issue" title="github" href="https://github.com/pgsql-jp/jpug-doc/issues/new?title=version 11.4 &#10;                      multivariate-statistics-examples.html">誤訳等の報告
                    </a></div></td></tr><tr><td width="10%" align="left"><a accesskey="p" href="row-estimation-examples.html" title="70.1. 行数推定の例">前へ</a> </td><td width="10%" align="left"><a accesskey="u" href="planner-stats-details.html" title="第70章 プランナは統計情報をどのように使用するか">上へ</a></td><td width="60%" align="center">70.2. 多変量統計の例</td><td width="20%" align="right"> <a accesskey="n" href="planner-stats-security.html" title="70.3. プランナの統計情報とセキュリティ">次へ</a></td></tr></table><hr /></div><div class="sect1" id="MULTIVARIATE-STATISTICS-EXAMPLES"><div class="titlepage"><div><div><h2 class="title" style="clear: both">70.2. 多変量統計の例</h2></div></div></div><span class="original">
  &lt;title&gt;Multivariate Statistics Examples&lt;/title&gt;
</span><a id="id-1.10.22.5.2" class="indexterm"></a><div class="sect2" id="id-1.10.22.5.3"><div class="titlepage"><div><div><h3 class="title">70.2.1. 関数従属性</h3></div></div></div><span class="original">
   &lt;title&gt;Functional Dependencies&lt;/title&gt;
</span><p>
<span class="original">
    Multivariate correlation can be demonstrated with a very simple data set
    &amp;mdash; a table with two columns, both containing the same values:
</span>
非常に単純なデータ集合で、多変量相関係数の例を示すことができます。
2つの列を持ち、両方の列が同じ値を持つテーブルです。
</p><pre class="programlisting">
CREATE TABLE t (a INT, b INT);
INSERT INTO t SELECT i % 100, i % 100 FROM generate_series(1, 10000) s(i);
ANALYZE t;
</pre><p>

<span class="original">
    As explained in &lt;xref linkend="planner-stats"/&gt;, the planner can determine
    cardinality of &lt;structname&gt;t&lt;/structname&gt; using the number of pages and
    rows obtained from &lt;structname&gt;pg_class&lt;/structname&gt;:
</span>
<a class="xref" href="planner-stats.html" title="14.2. プランナで使用される統計情報">14.2</a>で説明されているように、<code class="structname">pg_class</code>から得られるページ数と行数を使って、<code class="structname">t</code>の濃度を決定できます。

</p><pre class="programlisting">
SELECT relpages, reltuples FROM pg_class WHERE relname = 't';

 relpages | reltuples
----------+-----------
       45 |     10000
</pre><p>

<span class="original">
    The data distribution is very simple; there are only 100 distinct values
    in each column, uniformly distributed.
</span>
データの分布はとても単純です。各々の列にはわずか100の異なる値があるだけであり、かつ均一に分布しています。
   </p><p>
<span class="original">
    The following example shows the result of estimating a &lt;literal&gt;WHERE&lt;/literal&gt;
    condition on the &lt;structfield&gt;a&lt;/structfield&gt; column:
</span>
次の例では、<code class="structfield">a</code>列に関する<code class="literal">WHERE</code>条件の見積もり結果を示しています。

</p><pre class="programlisting">
EXPLAIN (ANALYZE, TIMING OFF) SELECT * FROM t WHERE a = 1;
                                 QUERY PLAN                                  
-------------------------------------------------------------------------------
 Seq Scan on t  (cost=0.00..170.00 rows=100 width=8) (actual rows=100 loops=1)
   Filter: (a = 1)
   Rows Removed by Filter: 9900
</pre><p>

<span class="original">
    The planner examines the condition and determines the selectivity
    of this clause to be 1%.  By comparing this estimate and the actual
    number of rows, we see that the estimate is very accurate
    (in fact exact, as the table is very small).  Changing the
    &lt;literal&gt;WHERE&lt;/literal&gt; condition to use the &lt;structfield&gt;b&lt;/structfield&gt; column, an
    identical plan is generated.  But observe what happens if we apply the same
    condition on both columns, combining them with &lt;literal&gt;AND&lt;/literal&gt;:
</span>
プランナは、この条件を調べ、この句の選択度を1%と決定しました。
この見積もりと、実際の行数を比較すると、見積もりは非常に正確であることがわかります。
（テーブルがとても小さいので、実際には見積もり通りです。）
<code class="literal">WHERE</code>条件を変更して<code class="structfield">b</code>列を使うようにすると、同じプランが生成されます。
では、<code class="literal">AND</code>条件でつないで、この二つの列に同じ条件を適用するとどうなるか見てみましょう。

</p><pre class="programlisting">
EXPLAIN (ANALYZE, TIMING OFF) SELECT * FROM t WHERE a = 1 AND b = 1;
                                 QUERY PLAN                                  
-----------------------------------------------------------------------------
 Seq Scan on t  (cost=0.00..195.00 rows=1 width=8) (actual rows=100 loops=1)
   Filter: ((a = 1) AND (b = 1))
   Rows Removed by Filter: 9900
</pre><p>

<span class="original">
    The planner estimates the selectivity for each condition individually,
    arriving at the same 1% estimates as above.  Then it assumes that the
    conditions are independent, and so it multiplies their selectivities,
    producing a final selectivity estimate of just 0.01%.
    This is a significant underestimate, as the actual number of rows
    matching the conditions (100) is two orders of magnitude higher.
</span>
個別に選択度を見積もった結果、上記と同じ1%の見積もりとなります
次に、その条件が独立であると見なし、それらの選択度を掛けあわせ、最終的な選択度の見積もりをわずか0.01%であるとします
その条件に一致する実際の行数は2桁多いので(100)、これはかなり過小見積もりです。
   </p><p>
<span class="original">
    This problem can be fixed by creating a statistics object that
    directs &lt;command&gt;ANALYZE&lt;/command&gt; to calculate functional-dependency
    multivariate statistics on the two columns:
</span>
この問題は、<code class="command">ANALYZE</code>に二つの列について関数従属性多変量統計を計算させる、統計オブジェクトを作成することによって解決できます。

</p><pre class="programlisting">
CREATE STATISTICS stts (dependencies) ON a, b FROM t;
ANALYZE t;
EXPLAIN (ANALYZE, TIMING OFF) SELECT * FROM t WHERE a = 1 AND b = 1;
                                  QUERY PLAN                                   
-------------------------------------------------------------------------------
 Seq Scan on t  (cost=0.00..195.00 rows=100 width=8) (actual rows=100 loops=1)
   Filter: ((a = 1) AND (b = 1))
   Rows Removed by Filter: 9900
</pre><p>
   </p></div><div class="sect2" id="id-1.10.22.5.4"><div class="titlepage"><div><div><h3 class="title">70.2.2. 多変量N個別値計数</h3></div></div></div><span class="original">
   &lt;title&gt;Multivariate N-Distinct Counts&lt;/title&gt;
</span><p>
<span class="original">
    A similar problem occurs with estimation of the cardinality of sets of
    multiple columns, such as the number of groups that would be generated by
    a &lt;command&gt;GROUP BY&lt;/command&gt; clause.  When &lt;command&gt;GROUP BY&lt;/command&gt;
    lists a single column, the n-distinct estimate (which is visible as the
    estimated number of rows returned by the HashAggregate node) is very
    accurate:
</span>
<code class="command">GROUP BY</code>句が生成するグループ数のような、複数列の集合の濃度の見積もりについても、同様の問題が起きます。
<code class="command">GROUP BY</code>の対象が単一の列なら、N個別値の推定（HashAggregateノードが返す推定行数で示されます）はとても正確です。
</p><pre class="programlisting">
EXPLAIN (ANALYZE, TIMING OFF) SELECT COUNT(*) FROM t GROUP BY a;
                                       QUERY PLAN                                        
-----------------------------------------------------------------------------------------
 HashAggregate  (cost=195.00..196.00 rows=100 width=12) (actual rows=100 loops=1)
   Group Key: a
   -&gt;  Seq Scan on t  (cost=0.00..145.00 rows=10000 width=4) (actual rows=10000 loops=1)
</pre><p>
<span class="original">
    But without multivariate statistics, the estimate for the number of
    groups in a query with two columns in &lt;command&gt;GROUP BY&lt;/command&gt;, as
    in the following example, is off by an order of magnitude:
</span>
しかし、多変量統計がないと、二つの列についての<code class="command">GROUP BY</code>問い合わせにおけるグループ数の見積もりは、次の例のようにひと桁ずれてしまいます
</p><pre class="programlisting">
EXPLAIN (ANALYZE, TIMING OFF) SELECT COUNT(*) FROM t GROUP BY a, b;
                                       QUERY PLAN                                        
--------------------------------------------------------------------------------------------
 HashAggregate  (cost=220.00..230.00 rows=1000 width=16) (actual rows=100 loops=1)
   Group Key: a, b
   -&gt;  Seq Scan on t  (cost=0.00..145.00 rows=10000 width=8) (actual rows=10000 loops=1)
</pre><p>
<span class="original">
    By redefining the statistics object to include n-distinct counts for the
    two columns, the estimate is much improved:
</span>
二つの列についてのN個別値計数を含むように統計オブジェクトを再定義することにより、見積もりは大きく改善されます。
</p><pre class="programlisting">
DROP STATISTICS stts;
CREATE STATISTICS stts (dependencies, ndistinct) ON a, b FROM t;
ANALYZE t;
EXPLAIN (ANALYZE, TIMING OFF) SELECT COUNT(*) FROM t GROUP BY a, b;
                                       QUERY PLAN                                        
--------------------------------------------------------------------------------------------
 HashAggregate  (cost=220.00..221.00 rows=100 width=16) (actual rows=100 loops=1)
   Group Key: a, b
   -&gt;  Seq Scan on t  (cost=0.00..145.00 rows=10000 width=8) (actual rows=10000 loops=1)
</pre><p>
   </p></div></div><div class="navfooter"><hr /><table width="100%" summary="Navigation footer"><tr><td width="40%" align="left"><a accesskey="p" href="row-estimation-examples.html">前へ</a> </td><td width="20%" align="center"><a accesskey="u" href="planner-stats-details.html">上へ</a></td><td width="40%" align="right"> <a accesskey="n" href="planner-stats-security.html">次へ</a></td></tr><tr><td width="40%" align="left" valign="top">70.1. 行数推定の例 </td><td width="20%" align="center"><a accesskey="h" href="index.html">ホーム</a></td><td width="40%" align="right" valign="top"> 70.3. プランナの統計情報とセキュリティ</td></tr></table></div></body></html>